build/app/intermediates/manifest_merge_blame_file/debug/manifest-merger-blame-debug-report.txt
1<?xml version="1.0" encoding="utf-8"?>
2<manifest xmlns:android="http://schemas.android.com/apk/res/android"
3    xmlns:dist="http://schemas.android.com/apk/distribution"
4    package="vn.xdeuhug.movieXD"
5    android:versionCode="15"
6    android:versionName="1.9.5" >
7
8    <uses-sdk
9        android:minSdkVersion="24"
9-->src\main\AndroidManifest.xml
10        android:targetSdkVersion="31" />
10-->src\main\AndroidManifest.xml
11
12    <uses-permission android:name="android.permission.ACCESS_NETWORK_STATE" />
12-->src\main\AndroidManifest.xml:7:5-79
12-->src\main\AndroidManifest.xml:7:22-76
13    <uses-permission android:name="android.permission.ACCESS_WIFI_STATE" />
13-->src\main\AndroidManifest.xml:8:5-76
13-->src\main\AndroidManifest.xml:8:22-73
14    <uses-permission android:name="android.permission.INTERNET" />
14-->src\main\AndroidManifest.xml:9:5-67
14-->src\main\AndroidManifest.xml:9:22-64
15    <uses-permission android:name="android.permission.READ_EXTERNAL_STORAGE" />
15-->src\main\AndroidManifest.xml:10:5-80
15-->src\main\AndroidManifest.xml:10:22-77
16    <uses-permission android:name="android.permission.USE_FINGERPRINT" />
16-->src\main\AndroidManifest.xml:11:5-74
16-->src\main\AndroidManifest.xml:11:22-71
17    <uses-permission android:name="android.permission.READ_PHONE_STATE" />
17-->src\main\AndroidManifest.xml:12:5-75
17-->src\main\AndroidManifest.xml:12:22-72
18
19    <!-- MAP -->
20    <uses-permission android:name="android.permission.ACCESS_FINE_LOCATION" />
20-->src\main\AndroidManifest.xml:16:5-79
20-->src\main\AndroidManifest.xml:16:22-76
21    <uses-permission android:name="android.permission.ACCESS_COARSE_LOCATION" />
21-->src\main\AndroidManifest.xml:17:5-81
21-->src\main\AndroidManifest.xml:17:22-78
22    <uses-permission android:name="android.permission.WRITE_EXTERNAL_STORAGE" />
22-->src\main\AndroidManifest.xml:19:5-21:40
22-->src\main\AndroidManifest.xml:20:9-65
23    <uses-permission android:name="android.permission.USE_BIOMETRIC" />
23-->src\main\AndroidManifest.xml:23:5-72
23-->src\main\AndroidManifest.xml:23:22-69
24    <uses-permission android:name="android.permission.CAMERA" />
24-->src\main\AndroidManifest.xml:25:5-27:71
24-->src\main\AndroidManifest.xml:26:9-49
25    <uses-permission android:name="android.permission.WRITE_MEDIA_STORAGE" />
25-->src\main\AndroidManifest.xml:29:5-31:47
25-->src\main\AndroidManifest.xml:30:9-62
26    <uses-permission android:name="android.permission.WRITE_SETTINGS" />
26-->src\main\AndroidManifest.xml:32:5-34:47
26-->src\main\AndroidManifest.xml:33:9-57
27    <uses-permission android:name="android.permission.MODIFY_AUDIO_SETTINGS" />
27-->src\main\AndroidManifest.xml:35:5-80
27-->src\main\AndroidManifest.xml:35:22-77
28    <uses-permission android:name="android.permission.RECORD_AUDIO" />
28-->src\main\AndroidManifest.xml:36:5-71
28-->src\main\AndroidManifest.xml:36:22-68
29    <uses-permission android:name="android.permission.VIBRATE" />
29-->src\main\AndroidManifest.xml:38:5-66
29-->src\main\AndroidManifest.xml:38:22-63
30
31    <!-- Android 13 -->
32    <uses-permission android:name="android.permission.READ_MEDIA_IMAGES" />
32-->src\main\AndroidManifest.xml:41:5-76
32-->src\main\AndroidManifest.xml:41:22-73
33    <uses-permission android:name="android.permission.READ_MEDIA_AUDIO" />
33-->src\main\AndroidManifest.xml:42:5-75
33-->src\main\AndroidManifest.xml:42:22-72
34    <uses-permission android:name="android.permission.READ_MEDIA_VIDEO" />
34-->src\main\AndroidManifest.xml:43:5-75
34-->src\main\AndroidManifest.xml:43:22-72
35    <uses-permission android:name="android.permission.RECORD_AUDIO" />
35-->src\main\AndroidManifest.xml:36:5-71
35-->src\main\AndroidManifest.xml:36:22-68
36    <uses-permission android:name="android.permission.WRITE_EXTERNAL_STORAGE" />
36-->src\main\AndroidManifest.xml:19:5-21:40
36-->src\main\AndroidManifest.xml:20:9-65
37    <uses-permission android:name="android.permission.READ_APP_PROVIDERS" />
37-->src\main\AndroidManifest.xml:48:5-77
37-->src\main\AndroidManifest.xml:48:22-74
38
39    <!-- The Agora SDK requires Bluetooth permissions in case users are using Bluetooth devices. -->
40    <uses-permission android:name="android.permission.BLUETOOTH" />
40-->src\main\AndroidManifest.xml:51:5-68
40-->src\main\AndroidManifest.xml:51:22-65
41    <!-- For Android 12 and above devices, the following permission is also required. -->
42    <uses-permission android:name="android.permission.BLUETOOTH_CONNECT" />
42-->src\main\AndroidManifest.xml:53:5-76
42-->src\main\AndroidManifest.xml:53:22-73
43
44    <dist:module dist:instant="true" />
44-->src\main\AndroidManifest.xml:56:5-40
44-->src\main\AndroidManifest.xml:56:18-37
45
46    <queries>
46-->src\main\AndroidManifest.xml:58:5-69:15
47        <intent>
47-->src\main\AndroidManifest.xml:59:9-63:18
48            <action android:name="android.media.action.IMAGE_CAPTURE" >
48-->src\main\AndroidManifest.xml:60:13-62:22
48-->src\main\AndroidManifest.xml:60:21-70
49            </action>
50        </intent>
51        <intent>
51-->src\main\AndroidManifest.xml:64:9-68:18
52            <action android:name="android.media.action.ACTION_VIDEO_CAPTURE" >
52-->src\main\AndroidManifest.xml:65:13-67:22
52-->src\main\AndroidManifest.xml:65:21-77
53            </action>
54        </intent>
55        <intent>
55-->[com.github.chuckerteam.chucker:library:3.5.2] AndroidManifest.xml:8:9-12:18
56            <action android:name="android.intent.action.CREATE_DOCUMENT" />
56-->[com.github.chuckerteam.chucker:library:3.5.2] AndroidManifest.xml:9:13-76
56-->[com.github.chuckerteam.chucker:library:3.5.2] AndroidManifest.xml:9:21-73
57
58            <data android:mimeType="*/*" />
58-->[com.github.chuckerteam.chucker:library:3.5.2] AndroidManifest.xml:11:13-44
58-->[com.github.chuckerteam.chucker:library:3.5.2] AndroidManifest.xml:11:19-41
59        </intent> <!-- Needs to be explicitly declared on Android R+ -->
60        <package android:name="com.google.android.apps.maps" />
60-->[com.google.android.gms:play-services-maps:18.1.0] AndroidManifest.xml:33:9-64
60-->[com.google.android.gms:play-services-maps:18.1.0] AndroidManifest.xml:33:18-61
61    </queries>
62
63    <!-- Android 11 软件包可见性适配：https://www.jianshu.com/p/d1ccd425c4ce -->
64    <queries>
64-->src\main\AndroidManifest.xml:58:5-69:15
65
66        <!-- 拍照意图：MediaStore.ACTION_IMAGE_CAPTURE -->
67        <intent>
67-->src\main\AndroidManifest.xml:59:9-63:18
68            <action android:name="android.media.action.IMAGE_CAPTURE" />
68-->src\main\AndroidManifest.xml:60:13-62:22
68-->src\main\AndroidManifest.xml:60:21-70
69        </intent>
70
71        <!-- 拍摄意图：MediaStore.ACTION_VIDEO_CAPTURE -->
72        <intent>
72-->src\main\AndroidManifest.xml:80:9-82:18
73            <action android:name="android.media.action.VIDEO_CAPTURE" />
73-->src\main\AndroidManifest.xml:81:13-73
73-->src\main\AndroidManifest.xml:81:21-70
74        </intent>
75
76        <!-- 图片裁剪意图 -->
77        <intent>
77-->src\main\AndroidManifest.xml:85:9-87:18
78            <action android:name="com.android.camera.action.CROP" />
78-->src\main\AndroidManifest.xml:86:13-69
78-->src\main\AndroidManifest.xml:86:21-66
79        </intent>
80
81        <!-- 打电话意图：Intent.ACTION_DIAL -->
82        <intent>
82-->src\main\AndroidManifest.xml:90:9-92:18
83            <action android:name="android.intent.action.DIAL" />
83-->src\main\AndroidManifest.xml:91:13-65
83-->src\main\AndroidManifest.xml:91:21-62
84        </intent>
85
86        <!-- 调起分享意图：Intent.ACTION_SEND -->
87        <intent>
87-->src\main\AndroidManifest.xml:95:9-97:18
88            <action android:name="android.intent.action.SEND" />
88-->src\main\AndroidManifest.xml:96:13-65
88-->src\main\AndroidManifest.xml:96:21-62
89        </intent>
90
91        <!-- 调起其他页面意图：Intent.ACTION_VIEW -->
92        <intent>
92-->src\main\AndroidManifest.xml:100:9-102:18
93            <action android:name="android.intent.action.VIEW" />
93-->src\main\AndroidManifest.xml:101:13-65
93-->src\main\AndroidManifest.xml:101:21-62
94        </intent>
95
96        <!-- 调起系统文件选择器：Intent.ACTION_GET_CONTENT -->
97        <intent>
97-->src\main\AndroidManifest.xml:105:9-107:18
98            <action android:name="android.intent.action.GET_CONTENT" />
98-->src\main\AndroidManifest.xml:106:13-72
98-->src\main\AndroidManifest.xml:106:21-69
99        </intent>
100    </queries>
101    <queries>
101-->src\main\AndroidManifest.xml:58:5-69:15
102        <provider android:authorities="com.facebook.katana.provider.PlatformProvider" />
102-->src\main\AndroidManifest.xml:111:9-89
102-->src\main\AndroidManifest.xml:111:19-86
103    </queries>
104
105    <uses-permission android:name="android.permission.WAKE_LOCK" />
105-->[net.gotev:uploadservice:4.7.0] AndroidManifest.xml:9:5-68
105-->[net.gotev:uploadservice:4.7.0] AndroidManifest.xml:9:22-65
106    <uses-permission android:name="android.permission.FOREGROUND_SERVICE" />
106-->[net.gotev:uploadservice:4.7.0] AndroidManifest.xml:10:5-77
106-->[net.gotev:uploadservice:4.7.0] AndroidManifest.xml:10:22-74
107
108    <uses-feature
108-->[com.google.android.gms:play-services-maps:18.1.0] AndroidManifest.xml:26:5-28:35
109        android:glEsVersion="0x00020000"
109-->[com.google.android.gms:play-services-maps:18.1.0] AndroidManifest.xml:27:9-41
110        android:required="true" />
110-->[com.google.android.gms:play-services-maps:18.1.0] AndroidManifest.xml:28:9-32
111
112    <uses-permission android:name="android.permission.POST_NOTIFICATIONS" /> <!-- Required by older versions of Google Play services to create IID tokens -->
112-->[com.google.firebase:firebase-messaging:23.1.2] AndroidManifest.xml:25:5-77
112-->[com.google.firebase:firebase-messaging:23.1.2] AndroidManifest.xml:25:22-74
113    <uses-permission android:name="com.google.android.c2dm.permission.RECEIVE" />
113-->[com.google.firebase:firebase-messaging:23.1.2] AndroidManifest.xml:28:5-82
113-->[com.google.firebase:firebase-messaging:23.1.2] AndroidManifest.xml:28:22-79
114    <uses-permission android:name="com.google.android.gms.permission.AD_ID" />
114-->[com.google.android.gms:play-services-measurement-api:21.2.2] AndroidManifest.xml:25:5-79
114-->[com.google.android.gms:play-services-measurement-api:21.2.2] AndroidManifest.xml:25:22-76
115    <uses-permission android:name="com.google.android.finsky.permission.BIND_GET_INSTALL_REFERRER_SERVICE" />
115-->[com.google.android.gms:play-services-measurement:21.2.2] AndroidManifest.xml:26:5-110
115-->[com.google.android.gms:play-services-measurement:21.2.2] AndroidManifest.xml:26:22-107
116
117    <permission
117-->[androidx.core:core:1.13.0-alpha04] AndroidManifest.xml:22:5-24:47
118        android:name="vn.xdeuhug.movieXD.DYNAMIC_RECEIVER_NOT_EXPORTED_PERMISSION"
118-->[androidx.core:core:1.13.0-alpha04] AndroidManifest.xml:23:9-81
119        android:protectionLevel="signature" />
119-->[androidx.core:core:1.13.0-alpha04] AndroidManifest.xml:24:9-44
120
121    <uses-permission android:name="vn.xdeuhug.movieXD.DYNAMIC_RECEIVER_NOT_EXPORTED_PERMISSION" />
121-->[androidx.core:core:1.13.0-alpha04] AndroidManifest.xml:26:5-97
121-->[androidx.core:core:1.13.0-alpha04] AndroidManifest.xml:26:22-94
122
123    <application
124        android:name="vn.xdeuhug.movieXD.app.AppApplication"
124-->src\main\AndroidManifest.xml:115:9-61
125        android:allowBackup="true"
125-->src\main\AndroidManifest.xml:116:9-35
126        android:appComponentFactory="androidx.core.app.CoreComponentFactory"
126-->[androidx.core:core:1.13.0-alpha04] AndroidManifest.xml:28:18-86
127        android:debuggable="true"
127-->[:features:movie] AndroidManifest.xml:22:9-34
128        android:enableOnBackInvokedCallback="true"
128-->src\main\AndroidManifest.xml:117:9-51
129        android:extractNativeLibs="false"
129-->[:features:movie] AndroidManifest.xml:23:9-42
130        android:icon="@mipmap/ic_launcher"
130-->src\main\AndroidManifest.xml:118:9-43
131        android:label="Phim XD"
131-->src\main\AndroidManifest.xml:119:9-36
132        android:networkSecurityConfig="@xml/network_security_config"
132-->src\main\AndroidManifest.xml:120:9-69
133        android:requestLegacyExternalStorage="true"
133-->src\main\AndroidManifest.xml:121:9-52
134        android:resizeableActivity="true"
134-->src\main\AndroidManifest.xml:122:9-42
135        android:roundIcon="@mipmap/ic_launcher"
135-->src\main\AndroidManifest.xml:123:9-48
136        android:supportsRtl="false"
136-->src\main\AndroidManifest.xml:124:9-36
137        android:theme="@style/AppTheme"
137-->src\main\AndroidManifest.xml:125:9-40
138        android:usesCleartextTraffic="true" >
138-->src\main\AndroidManifest.xml:126:9-44
139        <meta-data
139-->src\main\AndroidManifest.xml:131:9-133:36
140            android:name="ScopedStorage"
140-->src\main\AndroidManifest.xml:132:13-41
141            android:value="true" />
141-->src\main\AndroidManifest.xml:133:13-33
142        <meta-data
142-->src\main\AndroidManifest.xml:134:9-136:55
143            android:name="com.facebook.sdk.ApplicationId"
143-->src\main\AndroidManifest.xml:135:13-58
144            android:value="@string/facebook_app_id" />
144-->src\main\AndroidManifest.xml:136:13-52
145        <meta-data
145-->src\main\AndroidManifest.xml:137:9-139:61
146            android:name="com.facebook.sdk.ClientToken"
146-->src\main\AndroidManifest.xml:138:13-56
147            android:value="@string/facebook_client_token" />
147-->src\main\AndroidManifest.xml:139:13-58
148
149        <provider
150            android:name="androidx.core.content.FileProvider"
150-->src\main\AndroidManifest.xml:142:13-62
151            android:authorities="vn.xdeuhug.movieXD.provider"
151-->src\main\AndroidManifest.xml:143:13-60
152            android:exported="false"
152-->src\main\AndroidManifest.xml:144:13-37
153            android:grantUriPermissions="true" >
153-->src\main\AndroidManifest.xml:145:13-47
154            <meta-data
154-->src\main\AndroidManifest.xml:146:13-148:54
155                android:name="android.support.FILE_PROVIDER_PATHS"
155-->src\main\AndroidManifest.xml:147:17-67
156                android:resource="@xml/file_paths" />
156-->src\main\AndroidManifest.xml:148:17-51
157        </provider>
158
159        <activity
159-->src\main\AndroidManifest.xml:152:9-157:53
160            android:name="vn.xdeuhug.movieXD.ui.activity.CrashActivity"
160-->src\main\AndroidManifest.xml:153:13-72
161            android:launchMode="singleTop"
161-->src\main\AndroidManifest.xml:154:13-43
162            android:priority="1"
162-->src\main\AndroidManifest.xml:155:13-33
163            android:process=":crash"
163-->src\main\AndroidManifest.xml:156:13-37
164            android:screenOrientation="landscape" />
164-->src\main\AndroidManifest.xml:157:13-50
165        <activity
165-->src\main\AndroidManifest.xml:159:9-163:52
166            android:name="vn.xdeuhug.movieXD.ui.activity.RestartActivity"
166-->src\main\AndroidManifest.xml:160:13-74
167            android:exported="true"
167-->src\main\AndroidManifest.xml:161:13-36
168            android:launchMode="singleTop"
168-->src\main\AndroidManifest.xml:162:13-43
169            android:screenOrientation="portrait" />
169-->src\main\AndroidManifest.xml:163:13-49
170        <activity
170-->src\main\AndroidManifest.xml:164:9-168:52
171            android:name="vn.xdeuhug.movieXD.ui.activity.BrowserActivity"
171-->src\main\AndroidManifest.xml:165:13-74
172            android:exported="true"
172-->src\main\AndroidManifest.xml:166:13-36
173            android:launchMode="singleTop"
173-->src\main\AndroidManifest.xml:167:13-43
174            android:screenOrientation="portrait" />
174-->src\main\AndroidManifest.xml:168:13-49
175        <activity
175-->src\main\AndroidManifest.xml:170:9-175:20
176            android:name="vn.xdeuhug.movieXD.ui.activity.HomeActivity"
176-->src\main\AndroidManifest.xml:171:13-71
177            android:exported="true"
177-->src\main\AndroidManifest.xml:172:13-36
178            android:launchMode="singleTask"
178-->src\main\AndroidManifest.xml:173:13-44
179            android:screenOrientation="portrait" >
179-->src\main\AndroidManifest.xml:174:13-49
180        </activity>
181        <activity
181-->src\main\AndroidManifest.xml:177:9-189:20
182            android:name="vn.xdeuhug.movieXD.ui.activity.SplashActivity"
182-->src\main\AndroidManifest.xml:178:13-73
183            android:exported="true"
183-->src\main\AndroidManifest.xml:179:13-36
184            android:launchMode="singleTop"
184-->src\main\AndroidManifest.xml:180:13-43
185            android:screenOrientation="portrait"
185-->src\main\AndroidManifest.xml:181:13-49
186            android:theme="@style/SplashTheme" >
186-->src\main\AndroidManifest.xml:182:13-47
187            <intent-filter>
187-->src\main\AndroidManifest.xml:183:13-188:29
188                <action android:name="android.intent.action.MAIN" />
188-->src\main\AndroidManifest.xml:184:17-69
188-->src\main\AndroidManifest.xml:184:25-66
189                <action android:name="android.intent.action.VIEW" />
189-->src\main\AndroidManifest.xml:101:13-65
189-->src\main\AndroidManifest.xml:101:21-62
190
191                <category android:name="android.intent.category.LAUNCHER" />
191-->src\main\AndroidManifest.xml:187:17-77
191-->src\main\AndroidManifest.xml:187:27-74
192            </intent-filter>
193        </activity>
194
195        <meta-data
195-->src\main\AndroidManifest.xml:191:9-193:55
196            android:name="com.google.android.geo.API_KEY"
196-->src\main\AndroidManifest.xml:192:13-58
197            android:value="@string/google_maps_key" />
197-->src\main\AndroidManifest.xml:193:13-52
198        <meta-data
198-->src\main\AndroidManifest.xml:194:9-196:69
199            android:name="com.google.android.gms.version"
199-->src\main\AndroidManifest.xml:195:13-58
200            android:value="@integer/google_play_services_version" />
200-->src\main\AndroidManifest.xml:196:13-66
201        <meta-data
201-->src\main\AndroidManifest.xml:197:9-199:54
202            android:name="com.google.firebase.messaging.default_notification_icon"
202-->src\main\AndroidManifest.xml:198:13-83
203            android:resource="@mipmap/ic_launcher" />
203-->src\main\AndroidManifest.xml:199:13-51
204        <meta-data
204-->src\main\AndroidManifest.xml:200:9-202:52
205            android:name="com.google.firebase.messaging.default_notification_color"
205-->src\main\AndroidManifest.xml:201:13-84
206            android:resource="@color/orange_700" />
206-->src\main\AndroidManifest.xml:202:13-49
207        <meta-data
207-->src\main\AndroidManifest.xml:203:9-205:71
208            android:name="com.google.firebase.messaging.default_notification_channel_id"
208-->src\main\AndroidManifest.xml:204:13-89
209            android:value="@string/default_notification_channel_id" />
209-->src\main\AndroidManifest.xml:205:13-68
210        <meta-data
210-->src\main\AndroidManifest.xml:206:9-208:37
211            android:name="firebase_messaging_auto_init_enabled"
211-->src\main\AndroidManifest.xml:207:13-64
212            android:value="false" />
212-->src\main\AndroidManifest.xml:208:13-34
213        <meta-data
213-->src\main\AndroidManifest.xml:209:9-211:37
214            android:name="firebase_analytics_collection_enabled"
214-->src\main\AndroidManifest.xml:210:13-65
215            android:value="false" />
215-->src\main\AndroidManifest.xml:211:13-34
216
217        <activity
217-->[com.github.chuckerteam.chucker:library:3.5.2] AndroidManifest.xml:16:9-21:52
218            android:name="com.chuckerteam.chucker.internal.ui.MainActivity"
218-->[com.github.chuckerteam.chucker:library:3.5.2] AndroidManifest.xml:17:13-76
219            android:label="@string/chucker_name"
219-->[com.github.chuckerteam.chucker:library:3.5.2] AndroidManifest.xml:18:13-49
220            android:launchMode="singleTask"
220-->[com.github.chuckerteam.chucker:library:3.5.2] AndroidManifest.xml:19:13-44
221            android:taskAffinity="com.chuckerteam.chucker.task"
221-->[com.github.chuckerteam.chucker:library:3.5.2] AndroidManifest.xml:20:13-64
222            android:theme="@style/Chucker.Theme" />
222-->[com.github.chuckerteam.chucker:library:3.5.2] AndroidManifest.xml:21:13-49
223        <activity
223-->[com.github.chuckerteam.chucker:library:3.5.2] AndroidManifest.xml:22:9-25:52
224            android:name="com.chuckerteam.chucker.internal.ui.transaction.TransactionActivity"
224-->[com.github.chuckerteam.chucker:library:3.5.2] AndroidManifest.xml:23:13-95
225            android:parentActivityName="com.chuckerteam.chucker.internal.ui.MainActivity"
225-->[com.github.chuckerteam.chucker:library:3.5.2] AndroidManifest.xml:24:13-90
226            android:theme="@style/Chucker.Theme" />
226-->[com.github.chuckerteam.chucker:library:3.5.2] AndroidManifest.xml:25:13-49
227        <activity
227-->[com.github.chuckerteam.chucker:library:3.5.2] AndroidManifest.xml:26:9-29:52
228            android:name="com.chuckerteam.chucker.internal.ui.throwable.ThrowableActivity"
228-->[com.github.chuckerteam.chucker:library:3.5.2] AndroidManifest.xml:27:13-91
229            android:parentActivityName="com.chuckerteam.chucker.internal.ui.MainActivity"
229-->[com.github.chuckerteam.chucker:library:3.5.2] AndroidManifest.xml:28:13-90
230            android:theme="@style/Chucker.Theme" />
230-->[com.github.chuckerteam.chucker:library:3.5.2] AndroidManifest.xml:29:13-49
231
232        <service
232-->[com.github.chuckerteam.chucker:library:3.5.2] AndroidManifest.xml:31:9-33:40
233            android:name="com.chuckerteam.chucker.internal.support.ClearDatabaseService"
233-->[com.github.chuckerteam.chucker:library:3.5.2] AndroidManifest.xml:32:13-89
234            android:exported="false" />
234-->[com.github.chuckerteam.chucker:library:3.5.2] AndroidManifest.xml:33:13-37
235
236        <provider
236-->[com.github.chuckerteam.chucker:library:3.5.2] AndroidManifest.xml:35:9-43:20
237            android:name="com.chuckerteam.chucker.internal.support.ChuckerFileProvider"
237-->[com.github.chuckerteam.chucker:library:3.5.2] AndroidManifest.xml:36:13-88
238            android:authorities="vn.xdeuhug.movieXD.com.chuckerteam.chucker.provider"
238-->[com.github.chuckerteam.chucker:library:3.5.2] AndroidManifest.xml:37:13-84
239            android:exported="false"
239-->[com.github.chuckerteam.chucker:library:3.5.2] AndroidManifest.xml:38:13-37
240            android:grantUriPermissions="true" >
240-->[com.github.chuckerteam.chucker:library:3.5.2] AndroidManifest.xml:39:13-47
241            <meta-data
241-->src\main\AndroidManifest.xml:146:13-148:54
242                android:name="android.support.FILE_PROVIDER_PATHS"
242-->src\main\AndroidManifest.xml:147:17-67
243                android:resource="@xml/chucker_provider_paths" />
243-->src\main\AndroidManifest.xml:148:17-51
244        </provider>
245
246        <service
246-->[net.gotev:uploadservice:4.7.0] AndroidManifest.xml:15:9-18:40
247            android:name="net.gotev.uploadservice.UploadService"
247-->[net.gotev:uploadservice:4.7.0] AndroidManifest.xml:16:13-65
248            android:enabled="true"
248-->[net.gotev:uploadservice:4.7.0] AndroidManifest.xml:17:13-35
249            android:exported="false" />
249-->[net.gotev:uploadservice:4.7.0] AndroidManifest.xml:18:13-37
250
251        <activity
251-->[com.google.firebase:firebase-auth:22.0.0] AndroidManifest.xml:29:9-46:20
252            android:name="com.google.firebase.auth.internal.GenericIdpActivity"
252-->[com.google.firebase:firebase-auth:22.0.0] AndroidManifest.xml:30:13-80
253            android:excludeFromRecents="true"
253-->[com.google.firebase:firebase-auth:22.0.0] AndroidManifest.xml:31:13-46
254            android:exported="true"
254-->[com.google.firebase:firebase-auth:22.0.0] AndroidManifest.xml:32:13-36
255            android:launchMode="singleTask"
255-->[com.google.firebase:firebase-auth:22.0.0] AndroidManifest.xml:33:13-44
256            android:theme="@android:style/Theme.Translucent.NoTitleBar" >
256-->[com.google.firebase:firebase-auth:22.0.0] AndroidManifest.xml:34:13-72
257            <intent-filter>
257-->[com.google.firebase:firebase-auth:22.0.0] AndroidManifest.xml:35:13-45:29
258                <action android:name="android.intent.action.VIEW" />
258-->src\main\AndroidManifest.xml:101:13-65
258-->src\main\AndroidManifest.xml:101:21-62
259
260                <category android:name="android.intent.category.DEFAULT" />
260-->[com.google.firebase:firebase-auth:22.0.0] AndroidManifest.xml:38:17-76
260-->[com.google.firebase:firebase-auth:22.0.0] AndroidManifest.xml:38:27-73
261                <category android:name="android.intent.category.BROWSABLE" />
261-->[com.google.firebase:firebase-auth:22.0.0] AndroidManifest.xml:39:17-78
261-->[com.google.firebase:firebase-auth:22.0.0] AndroidManifest.xml:39:27-75
262
263                <data
263-->[com.github.chuckerteam.chucker:library:3.5.2] AndroidManifest.xml:11:13-44
264                    android:host="firebase.auth"
265                    android:path="/"
266                    android:scheme="genericidp" />
267            </intent-filter>
268        </activity>
269        <activity
269-->[com.google.firebase:firebase-auth:22.0.0] AndroidManifest.xml:47:9-64:20
270            android:name="com.google.firebase.auth.internal.RecaptchaActivity"
270-->[com.google.firebase:firebase-auth:22.0.0] AndroidManifest.xml:48:13-79
271            android:excludeFromRecents="true"
271-->[com.google.firebase:firebase-auth:22.0.0] AndroidManifest.xml:49:13-46
272            android:exported="true"
272-->[com.google.firebase:firebase-auth:22.0.0] AndroidManifest.xml:50:13-36
273            android:launchMode="singleTask"
273-->[com.google.firebase:firebase-auth:22.0.0] AndroidManifest.xml:51:13-44
274            android:theme="@android:style/Theme.Translucent.NoTitleBar" >
274-->[com.google.firebase:firebase-auth:22.0.0] AndroidManifest.xml:52:13-72
275            <intent-filter>
275-->[com.google.firebase:firebase-auth:22.0.0] AndroidManifest.xml:53:13-63:29
276                <action android:name="android.intent.action.VIEW" />
276-->src\main\AndroidManifest.xml:101:13-65
276-->src\main\AndroidManifest.xml:101:21-62
277
278                <category android:name="android.intent.category.DEFAULT" />
278-->[com.google.firebase:firebase-auth:22.0.0] AndroidManifest.xml:38:17-76
278-->[com.google.firebase:firebase-auth:22.0.0] AndroidManifest.xml:38:27-73
279                <category android:name="android.intent.category.BROWSABLE" />
279-->[com.google.firebase:firebase-auth:22.0.0] AndroidManifest.xml:39:17-78
279-->[com.google.firebase:firebase-auth:22.0.0] AndroidManifest.xml:39:27-75
280
281                <data
281-->[com.github.chuckerteam.chucker:library:3.5.2] AndroidManifest.xml:11:13-44
282                    android:host="firebase.auth"
283                    android:path="/"
284                    android:scheme="recaptcha" />
285            </intent-filter>
286        </activity>
287
288        <service
288-->[com.google.firebase:firebase-auth:22.0.0] AndroidManifest.xml:66:9-72:19
289            android:name="com.google.firebase.components.ComponentDiscoveryService"
289-->[com.google.firebase:firebase-auth:22.0.0] AndroidManifest.xml:67:13-84
290            android:directBootAware="true"
290-->[com.google.firebase:firebase-common:20.3.2] AndroidManifest.xml:34:13-43
291            android:exported="false" >
291-->[com.google.firebase:firebase-auth:22.0.0] AndroidManifest.xml:68:13-37
292            <meta-data
292-->[com.google.firebase:firebase-auth:22.0.0] AndroidManifest.xml:69:13-71:85
293                android:name="com.google.firebase.components:com.google.firebase.auth.FirebaseAuthRegistrar"
293-->[com.google.firebase:firebase-auth:22.0.0] AndroidManifest.xml:70:17-109
294                android:value="com.google.firebase.components.ComponentRegistrar" />
294-->[com.google.firebase:firebase-auth:22.0.0] AndroidManifest.xml:71:17-82
295            <meta-data
295-->[com.google.firebase:firebase-appcheck:17.0.0] AndroidManifest.xml:27:13-29:85
296                android:name="com.google.firebase.components:com.google.firebase.appcheck.FirebaseAppCheckRegistrar"
296-->[com.google.firebase:firebase-appcheck:17.0.0] AndroidManifest.xml:28:17-117
297                android:value="com.google.firebase.components.ComponentRegistrar" />
297-->[com.google.firebase:firebase-appcheck:17.0.0] AndroidManifest.xml:29:17-82
298            <meta-data
298-->[com.google.firebase:firebase-messaging:23.1.2] AndroidManifest.xml:55:13-57:85
299                android:name="com.google.firebase.components:com.google.firebase.messaging.FirebaseMessagingRegistrar"
299-->[com.google.firebase:firebase-messaging:23.1.2] AndroidManifest.xml:56:17-119
300                android:value="com.google.firebase.components.ComponentRegistrar" />
300-->[com.google.firebase:firebase-messaging:23.1.2] AndroidManifest.xml:57:17-82
301            <meta-data
301-->[com.google.firebase:firebase-database:20.2.1] AndroidManifest.xml:31:13-33:85
302                android:name="com.google.firebase.components:com.google.firebase.database.DatabaseRegistrar"
302-->[com.google.firebase:firebase-database:20.2.1] AndroidManifest.xml:32:17-109
303                android:value="com.google.firebase.components.ComponentRegistrar" />
303-->[com.google.firebase:firebase-database:20.2.1] AndroidManifest.xml:33:17-82
304            <meta-data
304-->[com.google.android.gms:play-services-measurement-api:21.2.2] AndroidManifest.xml:31:13-33:85
305                android:name="com.google.firebase.components:com.google.firebase.analytics.connector.internal.AnalyticsConnectorRegistrar"
305-->[com.google.android.gms:play-services-measurement-api:21.2.2] AndroidManifest.xml:32:17-139
306                android:value="com.google.firebase.components.ComponentRegistrar" />